c:\users\root\documents\kapitanov\gal_prg\calculator\calculator\calculator\debug\calculator.form1.resources
c:\users\root\documents\kapitanov\gal_prg\calculator\calculator\calculator\debug\calculator.pch
c:\users\root\documents\kapitanov\gal_prg\calculator\calculator\calculator\debug\vc141.pdb
c:\users\root\documents\kapitanov\gal_prg\calculator\calculator\calculator\debug\stdafx.obj
c:\users\root\documents\kapitanov\gal_prg\calculator\calculator\calculator\debug\form1.obj
c:\users\root\documents\kapitanov\gal_prg\calculator\calculator\calculator\debug\calculator.obj
c:\users\root\documents\kapitanov\gal_prg\calculator\calculator\calculator\debug\assemblyinfo.obj
c:\users\root\documents\kapitanov\gal_prg\calculator\calculator\calculator\debug\.netframework,version=v4.6.1.assemblyattributes.obj
c:\users\root\documents\kapitanov\gal_prg\calculator\calculator\calculator\debug\.netframework,version=v4.6.1.assemblyattributes.asm
c:\users\root\documents\kapitanov\gal_prg\calculator\calculator\debug\calculator.exe
c:\users\root\documents\kapitanov\gal_prg\calculator\calculator\debug\calculator.pdb
c:\users\root\documents\kapitanov\gal_prg\calculator\calculator\calculator\debug\app.res
c:\users\root\documents\kapitanov\gal_prg\calculator\calculator\calculator\debug\calculator.vcxproj.generateresource.cache
c:\users\root\documents\kapitanov\gal_prg\calculator\calculator\calculator\debug\calculator.vcxprojassemblyreference.cache
c:\users\root\documents\kapitanov\gal_prg\calculator\calculator\calculator\debug\calculator.tlog\calculator.write.1u.tlog
c:\users\root\documents\kapitanov\gal_prg\calculator\calculator\calculator\debug\calculator.tlog\cl.command.1.tlog
c:\users\root\documents\kapitanov\gal_prg\calculator\calculator\calculator\debug\calculator.tlog\cl.read.1.tlog
c:\users\root\documents\kapitanov\gal_prg\calculator\calculator\calculator\debug\calculator.tlog\cl.write.1.tlog
c:\users\root\documents\kapitanov\gal_prg\calculator\calculator\calculator\debug\calculator.tlog\link.command.1.tlog
c:\users\root\documents\kapitanov\gal_prg\calculator\calculator\calculator\debug\calculator.tlog\link.read.1.tlog
c:\users\root\documents\kapitanov\gal_prg\calculator\calculator\calculator\debug\calculator.tlog\link.write.1.tlog
c:\users\root\documents\kapitanov\gal_prg\calculator\calculator\calculator\debug\calculator.tlog\metagen.read.1.tlog
c:\users\root\documents\kapitanov\gal_prg\calculator\calculator\calculator\debug\calculator.tlog\metagen.write.1.tlog
c:\users\root\documents\kapitanov\gal_prg\calculator\calculator\calculator\debug\calculator.tlog\rc.command.1.tlog
c:\users\root\documents\kapitanov\gal_prg\calculator\calculator\calculator\debug\calculator.tlog\rc.read.1.tlog
c:\users\root\documents\kapitanov\gal_prg\calculator\calculator\calculator\debug\calculator.tlog\rc.write.1.tlog
